<?xml version="1.0" encoding="UTF-8"?>
<testng-results ignored="3" total="4" passed="1" failed="0" skipped="0">
  <reporter-output>
  </reporter-output>
  <suite started-at="2023-01-05T19:14:34 IST" name="Default suite" finished-at="2023-01-05T19:15:42 IST" duration-ms="67734">
    <groups>
    </groups>
    <test started-at="2023-01-05T19:14:34 IST" name="Default test" finished-at="2023-01-05T19:15:42 IST" duration-ms="67734">
      <class name="pom.TestClass">
        <test-method signature="iframeTest()[pri:0, instance:pom.TestClass@576d5deb]" started-at="2023-01-05T19:14:34 IST" name="iframeTest" finished-at="2023-01-05T19:15:42 IST" duration-ms="67256" status="PASS">
          <reporter-output>
          </reporter-output>
        </test-method> <!-- iframeTest -->
        <test-method is-config="true" signature="hello()[pri:0, instance:pom.TestClass@576d5deb]" started-at="2023-01-05T19:15:42 IST" name="hello" finished-at="2023-01-05T19:15:42 IST" duration-ms="427" status="PASS">
          <reporter-output>
          </reporter-output>
        </test-method> <!-- hello -->
      </class> <!-- pom.TestClass -->
    </test> <!-- Default test -->
  </suite> <!-- Default suite -->
</testng-results>
