<?xml version="1.0" encoding="UTF-8"?>
<!-- Generated by org.testng.reporters.JUnitXMLReporter -->
<testsuite ignored="0" hostname="kedar" failures="0" tests="4" name="Default test" time="0.08" errors="0" timestamp="2023-01-23T12:24:04 IST">
  <testcase classname="logical.PriorityWithTestNG" name="Test2" time="0.012"/>
  <testcase classname="logical.PriorityWithTestNG" name="Test1" time="0.002"/>
  <testcase classname="logical.PriorityWithTestNG" name="Test" time="0.001"/>
  <testcase classname="logical.PriorityWithTestNG" name="Test3" time="0.002"/>
</testsuite> <!-- Default test -->
