<?xml version="1.0" encoding="UTF-8"?>
<!-- Generated by org.testng.reporters.JUnitXMLReporter -->
<testsuite ignored="3" hostname="kedar" failures="0" tests="1" name="Default test" time="67.734" errors="0" timestamp="2023-01-05T19:15:42 IST">
  <testcase classname="pom.TestClass" name="iframeTest" time="67.256"/>
  <testcase classname="pom.TestClass" name="getDataFromExcelSheet" time="0.0">
    <ignored/>
  </testcase> <!-- getDataFromExcelSheet -->
  <testcase classname="pom.TestClass" name="SelectbyIndex" time="0.0">
    <ignored/>
  </testcase> <!-- SelectbyIndex -->
  <testcase classname="pom.TestClass" name="openMavenWebsite" time="0.0">
    <ignored/>
  </testcase> <!-- openMavenWebsite -->
</testsuite> <!-- Default test -->
