<?xml version="1.0" encoding="UTF-8"?>
<testng-results ignored="0" total="4" passed="4" failed="0" skipped="0">
  <reporter-output>
  </reporter-output>
  <suite started-at="2023-01-23T12:24:03 IST" name="Default suite" finished-at="2023-01-23T12:24:04 IST" duration-ms="80">
    <groups>
    </groups>
    <test started-at="2023-01-23T12:24:03 IST" name="Default test" finished-at="2023-01-23T12:24:04 IST" duration-ms="80">
      <class name="logical.PriorityWithTestNG">
        <test-method signature="Test2()[pri:-2, instance:logical.PriorityWithTestNG@2accdbb5]" started-at="2023-01-23T12:24:03 IST" name="Test2" finished-at="2023-01-23T12:24:03 IST" duration-ms="12" status="PASS">
          <reporter-output>
          </reporter-output>
        </test-method> <!-- Test2 -->
        <test-method signature="Test1()[pri:-1, instance:logical.PriorityWithTestNG@2accdbb5]" started-at="2023-01-23T12:24:03 IST" name="Test1" finished-at="2023-01-23T12:24:04 IST" duration-ms="2" status="PASS">
          <reporter-output>
          </reporter-output>
        </test-method> <!-- Test1 -->
        <test-method signature="Test()[pri:0, instance:logical.PriorityWithTestNG@2accdbb5]" started-at="2023-01-23T12:24:04 IST" name="Test" finished-at="2023-01-23T12:24:04 IST" duration-ms="1" status="PASS">
          <reporter-output>
          </reporter-output>
        </test-method> <!-- Test -->
        <test-method signature="Test3()[pri:1, instance:logical.PriorityWithTestNG@2accdbb5]" started-at="2023-01-23T12:24:04 IST" name="Test3" finished-at="2023-01-23T12:24:04 IST" duration-ms="2" status="PASS">
          <reporter-output>
          </reporter-output>
        </test-method> <!-- Test3 -->
      </class> <!-- logical.PriorityWithTestNG -->
    </test> <!-- Default test -->
  </suite> <!-- Default suite -->
</testng-results>
